<?xml version="1.0" encoding="UTF-8"?>
<testsuite name="LanguageListTest" tests="11" skipped="0" failures="0" errors="0" timestamp="2023-05-22T02:19:36" hostname="Nico-M1-Max.local" time="0.019">
  <properties/>
  <testcase name="addMultipleLanguages" classname="LanguageListTest" time="0.016"/>
  <testcase name="countEmpty" classname="LanguageListTest" time="0.002"/>
  <testcase name="countThree" classname="LanguageListTest" time="0.0"/>
  <testcase name="excitingLanguageListWithKotlin" classname="LanguageListTest" time="0.0"/>
  <testcase name="addOneLanguage" classname="LanguageListTest" time="0.0"/>
  <testcase name="empty" classname="LanguageListTest" time="0.0"/>
  <testcase name="firstLanguage" classname="LanguageListTest" time="0.001"/>
  <testcase name="boringLanguageList" classname="LanguageListTest" time="0.0"/>
  <testcase name="excitingLanguageListWithJava" classname="LanguageListTest" time="0.0"/>
  <testcase name="removeLanguage" classname="LanguageListTest" time="0.0"/>
  <testcase name="nonEmpty" classname="LanguageListTest" time="0.0"/>
  <system-out><![CDATA[]]></system-out>
  <system-err><![CDATA[]]></system-err>
</testsuite>
