<?xml version="1.0" encoding="UTF-8"?>
<testsuite name="TwoferTest" tests="3" skipped="0" failures="0" errors="0" timestamp="2023-06-11T03:35:03" hostname="Nico-M1-Max.local" time="0.019">
  <properties/>
  <testcase name="noNameGiven" classname="TwoferTest" time="0.016"/>
  <testcase name="aNameGiven" classname="TwoferTest" time="0.003"/>
  <testcase name="anotherNameGiven" classname="TwoferTest" time="0.0"/>
  <system-out><![CDATA[]]></system-out>
  <system-err><![CDATA[]]></system-err>
</testsuite>
